<?xml version="1.0" encoding="UTF-8" ?>
<testsuite tests="2" failures="1" name="tests.RegisterPageTest" time="3.332" errors="0" skipped="1">
  <properties>
[...]
</properties>
  <testcase classname="tests.RegisterPageTest" name="setup" time="3.331">
    <failure message="session not created: This version of ChromeDriver only supports Chrome version 84
Build info: version: &apos;3.141.59&apos;, revision: &apos;e82be7d358&apos;, time: &apos;2018-11-14T08:17:03&apos;
System info: host: &apos;DESKTOP-A5AP4LB&apos;, ip: &apos;192.168.137.44&apos;, os.name: &apos;Windows 10&apos;, os.arch: &apos;amd64&apos;, os.version: &apos;10.0&apos;, java.version: &apos;1.8.0_241&apos;
Driver info: driver.version: ChromeDriver
remote stacktrace: Backtrace:
	Ordinal0 [0x009A87E3+2852835]
	Ordinal0 [0x00895BB1+1727409]
	Ordinal0 [0x0076E4B9+517305]
	Ordinal0 [0x00700BA0+68512]
	Ordinal0 [0x006FD3A0+54176]
	Ordinal0 [0x0071D9F7+186871]
	Ordinal0 [0x0071D7FD+186365]
	Ordinal0 [0x0071B70B+177931]
	Ordinal0 [0x00702584+75140]
	Ordinal0 [0x00703650+79440]
	Ordinal0 [0x007035E9+79337]
	Ordinal0 [0x008AAD5C+1813852]
	GetHandleVerifier [0x00ACC616+1075574]
	GetHandleVerifier [0x00ACC367+1074887]
	GetHandleVerifier [0x00AD7497+1120247]
	GetHandleVerifier [0x00ACCC16+1077110]
	Ordinal0 [0x008A3206+1782278]
	Ordinal0 [0x008AC3BB+1819579]
	Ordinal0 [0x008AC523+1819939]
	Ordinal0 [0x008C2B45+1911621]
	BaseThreadInitThunk [0x74D96359+25]
	RtlGetAppContainerNamedObjectPath [0x77538944+228]
	RtlGetAppContainerNamedObjectPath [0x77538914+180]
" type="org.openqa.selenium.SessionNotCreatedException">org.openqa.selenium.SessionNotCreatedException: session not created: This version of ChromeDriver only supports Chrome version 84
Build info: version: &apos;3.141.59&apos;, revision: &apos;e82be7d358&apos;, time: &apos;2018-11-14T08:17:03&apos;
System info: host: &apos;DESKTOP-A5AP4LB&apos;, ip: &apos;192.168.137.44&apos;, os.name: &apos;Windows 10&apos;, os.arch: &apos;amd64&apos;, os.version: &apos;10.0&apos;, java.version: &apos;1.8.0_241&apos;
Driver info: driver.version: ChromeDriver
remote stacktrace: Backtrace:
	Ordinal0 [0x009A87E3+2852835]
	Ordinal0 [0x00895BB1+1727409]
	Ordinal0 [0x0076E4B9+517305]
	Ordinal0 [0x00700BA0+68512]
	Ordinal0 [0x006FD3A0+54176]
	Ordinal0 [0x0071D9F7+186871]
	Ordinal0 [0x0071D7FD+186365]
	Ordinal0 [0x0071B70B+177931]
	Ordinal0 [0x00702584+75140]
	Ordinal0 [0x00703650+79440]
	Ordinal0 [0x007035E9+79337]
	Ordinal0 [0x008AAD5C+1813852]
	GetHandleVerifier [0x00ACC616+1075574]
	GetHandleVerifier [0x00ACC367+1074887]
	GetHandleVerifier [0x00AD7497+1120247]
	GetHandleVerifier [0x00ACCC16+1077110]
	Ordinal0 [0x008A3206+1782278]
	Ordinal0 [0x008AC3BB+1819579]
	Ordinal0 [0x008AC523+1819939]
	Ordinal0 [0x008C2B45+1911621]
	BaseThreadInitThunk [0x74D96359+25]
	RtlGetAppContainerNamedObjectPath [0x77538944+228]
	RtlGetAppContainerNamedObjectPath [0x77538914+180]

	at sun.reflect.NativeConstructorAccessorImpl.newInstance0(Native Method)
	at sun.reflect.NativeConstructorAccessorImpl.newInstance(NativeConstructorAccessorImpl.java:62)
	at sun.reflect.DelegatingConstructorAccessorImpl.newInstance(DelegatingConstructorAccessorImpl.java:45)
	at java.lang.reflect.Constructor.newInstance(Constructor.java:423)
	at org.openqa.selenium.remote.W3CHandshakeResponse.lambda$errorHandler$0(W3CHandshakeResponse.java:62)
	at org.openqa.selenium.remote.HandshakeResponse.lambda$getResponseFunction$0(HandshakeResponse.java:30)
	at org.openqa.selenium.remote.ProtocolHandshake.lambda$createSession$0(ProtocolHandshake.java:126)
	at java.util.stream.ReferencePipeline$3$1.accept(ReferencePipeline.java:193)
	at java.util.Spliterators$ArraySpliterator.tryAdvance(Spliterators.java:958)
	at java.util.stream.ReferencePipeline.forEachWithCancel(ReferencePipeline.java:126)
	at java.util.stream.AbstractPipeline.copyIntoWithCancel(AbstractPipeline.java:499)
	at java.util.stream.AbstractPipeline.copyInto(AbstractPipeline.java:486)
	at java.util.stream.AbstractPipeline.wrapAndCopyInto(AbstractPipeline.java:472)
	at java.util.stream.FindOps$FindOp.evaluateSequential(FindOps.java:152)
	at java.util.stream.AbstractPipeline.evaluate(AbstractPipeline.java:234)
	at java.util.stream.ReferencePipeline.findFirst(ReferencePipeline.java:464)
	at org.openqa.selenium.remote.ProtocolHandshake.createSession(ProtocolHandshake.java:128)
	at org.openqa.selenium.remote.ProtocolHandshake.createSession(ProtocolHandshake.java:74)
	at org.openqa.selenium.remote.HttpCommandExecutor.execute(HttpCommandExecutor.java:136)
	at org.openqa.selenium.remote.service.DriverCommandExecutor.execute(DriverCommandExecutor.java:83)
	at org.openqa.selenium.remote.RemoteWebDriver.execute(RemoteWebDriver.java:552)
	at org.openqa.selenium.remote.RemoteWebDriver.startSession(RemoteWebDriver.java:213)
	at org.openqa.selenium.remote.RemoteWebDriver.&lt;init&gt;(RemoteWebDriver.java:131)
	at org.openqa.selenium.chrome.ChromeDriver.&lt;init&gt;(ChromeDriver.java:181)
	at org.openqa.selenium.chrome.ChromeDriver.&lt;init&gt;(ChromeDriver.java:168)
	at org.openqa.selenium.chrome.ChromeDriver.&lt;init&gt;(ChromeDriver.java:123)
	at tests.RegisterPageTest.setup(RegisterPageTest.java:29)
</failure>
    <system-out>Configuring TestNG with: org.apache.maven.surefire.testng.conf.TestNG652Configurator@43556938
</system-out>
    <system-err>Starting ChromeDriver 84.0.4147.30 (48b3e868b4cc0aa7e8149519690b6f6949e110a8-refs/branch-heads/4147@{#310}) on port 20680
Only local connections are allowed.
Please see https://chromedriver.chromium.org/security-considerations for suggestions on keeping ChromeDriver safe.
ChromeDriver was started successfully.
</system-err>
  </testcase>
  <testcase classname="tests.RegisterPageTest" name="testEnterEmailToCreateNewUser" time="0.001">
    <skipped/>
  </testcase>
</testsuite>